Using pre-set license
Built from '2020.3/release' branch; Version is '2020.3.2f1 (8fd9074bf66c) revision 9427207'; Using compiler version '192528614'; Build Type 'Release'
OS: 'Windows 10 Pro; OS build 19044.2846; Version 2009; 64bit' Language: 'en' Physical Memory: 16282 MB
BatchMode: 1, IsHumanControllingUs: 0, StartBugReporterOnCrash: 0, Is64bit: 1, IsPro: 0

 COMMAND LINE ARGUMENTS:
C:\Program Files\Unity\Hub\Editor\2020.3.2f1\Editor\Unity.exe
-adb2
-batchMode
-noUpm
-name
AssetImportWorker0
-projectPath
C:/Users/robmr/Documents/GitHub/ScreamingYellowZonkers
-logFile
Logs/AssetImportWorker0.log
-srvPort
49919
Successfully changed project path to: C:/Users/robmr/Documents/GitHub/ScreamingYellowZonkers
C:/Users/robmr/Documents/GitHub/ScreamingYellowZonkers
Using Asset Import Pipeline V2.
Refreshing native plugins compatible for Editor in 37.55 ms, found 0 plugins.
Preloading 0 native plugins for Editor in 0.00 ms.
Initialize engine version: 2020.3.2f1 (8fd9074bf66c)
[Subsystems] Discovering subsystems at path C:/Program Files/Unity/Hub/Editor/2020.3.2f1/Editor/Data/Resources/UnitySubsystems
[Subsystems] Discovering subsystems at path C:/Users/robmr/Documents/GitHub/ScreamingYellowZonkers/Assets
GfxDevice: creating device client; threaded=0
Direct3D:
    Version:  Direct3D 11.0 [level 11.1]
    Renderer: Intel(R) HD Graphics 620 (ID=0x5916)
    Vendor:   
    VRAM:     8141 MB
    Driver:   27.20.100.8854
Initialize mono
Mono path[0] = 'C:/Program Files/Unity/Hub/Editor/2020.3.2f1/Editor/Data/Managed'
Mono path[1] = 'C:/Program Files/Unity/Hub/Editor/2020.3.2f1/Editor/Data/MonoBleedingEdge/lib/mono/unityjit'
Mono config path = 'C:/Program Files/Unity/Hub/Editor/2020.3.2f1/Editor/Data/MonoBleedingEdge/etc'
Using monoOptions --debugger-agent=transport=dt_socket,embedding=1,server=y,suspend=n,address=127.0.0.1:56740
Begin MonoManager ReloadAssembly
Registering precompiled unity dll's ...
Register platform support module: C:/Program Files/Unity/Hub/Editor/2020.3.2f1/Editor/Data/PlaybackEngines/WindowsStandaloneSupport/UnityEditor.WindowsStandalone.Extensions.dll
Registered in 0.004488 seconds.
Native extension for WindowsStandalone target not found
Refreshing native plugins compatible for Editor in 42.31 ms, found 0 plugins.
Preloading 0 native plugins for Editor in 0.00 ms.
Invoked RoslynAnalysisRunner static constructor.
RoslynAnalysisRunner will not be running.
RoslynAnalysisRunner has terminated.
Mono: successfully reloaded assembly
- Completed reload, in  4.582 seconds
Platform modules already initialized, skipping
Registering precompiled user dll's ...
Registered in 0.001843 seconds.
Begin MonoManager ReloadAssembly
Native extension for WindowsStandalone target not found
Refreshing native plugins compatible for Editor in 0.32 ms, found 0 plugins.
Preloading 0 native plugins for Editor in 0.00 ms.
Invoked RoslynAnalysisRunner static constructor.
RoslynAnalysisRunner will not be running.
RoslynAnalysisRunner has terminated.
Mono: successfully reloaded assembly
- Completed reload, in  1.700 seconds
Platform modules already initialized, skipping
========================================================================
Worker process is ready to serve import requests
Launched and connected shader compiler UnityShaderCompiler.exe after 0.08 seconds
Refreshing native plugins compatible for Editor in 0.25 ms, found 0 plugins.
Preloading 0 native plugins for Editor in 0.00 ms.
Unloading 1119 Unused Serialized files (Serialized files now loaded: 0)
System memory in use before: 57.1 MB.
System memory in use after: 57.2 MB.

Unloading 9 unused Assets to reduce memory usage. Loaded Objects now: 1563.
Total: 2.761100 ms (FindLiveObjects: 0.304800 ms CreateObjectMapping: 0.094900 ms MarkObjects: 2.264600 ms  DeleteObjects: 0.094900 ms)

========================================================================
Received Import Request.
  path: Assets/Scripts
  artifactKey: Guid(444317f24a987484fa7378f5129dca07) Importer(815301076,1909f56bfc062723c751e8b465ee728b)
Start importing Assets/Scripts using Guid(444317f24a987484fa7378f5129dca07) Importer(815301076,1909f56bfc062723c751e8b465ee728b)  -> (artifact id: '280303e69b036d4f5559d3252c088e95') in 0.007224 seconds
  Import took 0.010807 seconds .

========================================================================
Received Import Request.
  Time since last request: 1.550608 seconds.
  path: Assets/Sprites/Background.png
  artifactKey: Guid(856bd7e36aa6ff04096e71999a1faf80) Importer(815301076,1909f56bfc062723c751e8b465ee728b)
Start importing Assets/Sprites/Background.png using Guid(856bd7e36aa6ff04096e71999a1faf80) Importer(815301076,1909f56bfc062723c751e8b465ee728b)  -> (artifact id: '568a0e8a939ef05029d0464fccd75367') in 0.216164 seconds
  Import took 0.221933 seconds .

========================================================================
Received Import Request.
  Time since last request: 0.000250 seconds.
  path: Assets/Sprites/Title.png
  artifactKey: Guid(abc00cafc17e7a84c85bf12649f9bc73) Importer(815301076,1909f56bfc062723c751e8b465ee728b)
Start importing Assets/Sprites/Title.png using Guid(abc00cafc17e7a84c85bf12649f9bc73) Importer(815301076,1909f56bfc062723c751e8b465ee728b)  -> (artifact id: 'b29d0d63d00ecc3d19f3d7cd94038bbb') in 0.022109 seconds
  Import took 0.025204 seconds .

========================================================================
Received Import Request.
  Time since last request: 0.000082 seconds.
  path: Assets/Sprites/Box.jpg
  artifactKey: Guid(d135291070d22224d9b47269d77d78a2) Importer(815301076,1909f56bfc062723c751e8b465ee728b)
Start importing Assets/Sprites/Box.jpg using Guid(d135291070d22224d9b47269d77d78a2) Importer(815301076,1909f56bfc062723c751e8b465ee728b)  -> (artifact id: 'b19ac561b388ca8a9b7e343df92b4407') in 0.030892 seconds
  Import took 0.035148 seconds .

========================================================================
Received Import Request.
  Time since last request: 0.000183 seconds.
  path: Assets/Sprites/Pop1.png
  artifactKey: Guid(16ddebb1efdb0b04e806aa38d2879fc2) Importer(815301076,1909f56bfc062723c751e8b465ee728b)
Start importing Assets/Sprites/Pop1.png using Guid(16ddebb1efdb0b04e806aa38d2879fc2) Importer(815301076,1909f56bfc062723c751e8b465ee728b)  -> (artifact id: 'b5e3f6997991503fb795d519721d9d0a') in 0.019645 seconds
  Import took 0.026186 seconds .

========================================================================
Received Import Request.
  Time since last request: 0.000413 seconds.
  path: Assets/Sprites/popcorn.jpg
  artifactKey: Guid(71a0814180a222c4bb2675b8c5fd0e7f) Importer(815301076,1909f56bfc062723c751e8b465ee728b)
Start importing Assets/Sprites/popcorn.jpg using Guid(71a0814180a222c4bb2675b8c5fd0e7f) Importer(815301076,1909f56bfc062723c751e8b465ee728b)  -> (artifact id: 'a14328ade6bd25319045f0e04fa1e9c1') in 0.029759 seconds
  Import took 0.033168 seconds .

========================================================================
Received Import Request.
  Time since last request: 51.717743 seconds.
  path: Assets/Scripts/GameController.cs
  artifactKey: Guid(26ae6a02bd8827148b3656f7b26c09bd) Importer(815301076,1909f56bfc062723c751e8b465ee728b)
Start importing Assets/Scripts/GameController.cs using Guid(26ae6a02bd8827148b3656f7b26c09bd) Importer(815301076,1909f56bfc062723c751e8b465ee728b)  -> (artifact id: '2f5f1615d3f888ce933ab1d98080359e') in 0.013976 seconds
  Import took 0.017095 seconds .

========================================================================
Received Import Request.
  Time since last request: 0.038815 seconds.
  path: Assets/Scripts/GameController.cs
  artifactKey: Guid(26ae6a02bd8827148b3656f7b26c09bd) Importer(815301076,1909f56bfc062723c751e8b465ee728b)
Start importing Assets/Scripts/GameController.cs using Guid(26ae6a02bd8827148b3656f7b26c09bd) Importer(815301076,1909f56bfc062723c751e8b465ee728b)  -> (artifact id: '2f5f1615d3f888ce933ab1d98080359e') in 0.004302 seconds
  Import took 0.008797 seconds .

========================================================================
Received Prepare
Registering precompiled user dll's ...
Registered in 0.001853 seconds.
Begin MonoManager ReloadAssembly
Native extension for WindowsStandalone target not found
Refreshing native plugins compatible for Editor in 0.44 ms, found 0 plugins.
Preloading 0 native plugins for Editor in 0.00 ms.
Invoked RoslynAnalysisRunner static constructor.
RoslynAnalysisRunner will not be running.
RoslynAnalysisRunner has terminated.
Mono: successfully reloaded assembly
- Completed reload, in  1.662 seconds
Platform modules already initialized, skipping
Refreshing native plugins compatible for Editor in 0.24 ms, found 0 plugins.
Preloading 0 native plugins for Editor in 0.00 ms.
Unloading 1113 Unused Serialized files (Serialized files now loaded: 0)
System memory in use before: 60.0 MB.
System memory in use after: 60.1 MB.

Unloading 4 unused Assets to reduce memory usage. Loaded Objects now: 1580.
Total: 3.023800 ms (FindLiveObjects: 0.376900 ms CreateObjectMapping: 0.090300 ms MarkObjects: 2.535500 ms  DeleteObjects: 0.019300 ms)

========================================================================
Received Import Request.
  Time since last request: 121.481110 seconds.
  path: Assets/Scripts/GameController.cs
  artifactKey: Guid(26ae6a02bd8827148b3656f7b26c09bd) Importer(815301076,1909f56bfc062723c751e8b465ee728b)
Start importing Assets/Scripts/GameController.cs using Guid(26ae6a02bd8827148b3656f7b26c09bd) Importer(815301076,1909f56bfc062723c751e8b465ee728b)  -> (artifact id: '85422f9789aa2a9ee42cf5d5ff346044') in 0.007671 seconds
  Import took 0.011135 seconds .

========================================================================
Received Prepare
Registering precompiled user dll's ...
Registered in 0.001347 seconds.
Begin MonoManager ReloadAssembly
Native extension for WindowsStandalone target not found
Refreshing native plugins compatible for Editor in 0.20 ms, found 0 plugins.
Preloading 0 native plugins for Editor in 0.00 ms.
Invoked RoslynAnalysisRunner static constructor.
RoslynAnalysisRunner will not be running.
RoslynAnalysisRunner has terminated.
Mono: successfully reloaded assembly
- Completed reload, in  1.020 seconds
Platform modules already initialized, skipping
Refreshing native plugins compatible for Editor in 0.19 ms, found 0 plugins.
Preloading 0 native plugins for Editor in 0.00 ms.
Unloading 1113 Unused Serialized files (Serialized files now loaded: 0)
System memory in use before: 60.1 MB.
System memory in use after: 60.2 MB.

Unloading 4 unused Assets to reduce memory usage. Loaded Objects now: 1583.
Total: 3.042900 ms (FindLiveObjects: 0.892300 ms CreateObjectMapping: 0.240200 ms MarkObjects: 1.891500 ms  DeleteObjects: 0.017200 ms)

========================================================================
Received Prepare
Registering precompiled user dll's ...
Registered in 0.001623 seconds.
Begin MonoManager ReloadAssembly
Native extension for WindowsStandalone target not found
Refreshing native plugins compatible for Editor in 0.21 ms, found 0 plugins.
Preloading 0 native plugins for Editor in 0.00 ms.
Invoked RoslynAnalysisRunner static constructor.
RoslynAnalysisRunner will not be running.
RoslynAnalysisRunner has terminated.
Mono: successfully reloaded assembly
- Completed reload, in  1.100 seconds
Platform modules already initialized, skipping
Refreshing native plugins compatible for Editor in 0.19 ms, found 0 plugins.
Preloading 0 native plugins for Editor in 0.00 ms.
Unloading 1113 Unused Serialized files (Serialized files now loaded: 0)
System memory in use before: 60.1 MB.
System memory in use after: 60.2 MB.

Unloading 4 unused Assets to reduce memory usage. Loaded Objects now: 1586.
Total: 2.167200 ms (FindLiveObjects: 0.219000 ms CreateObjectMapping: 0.095400 ms MarkObjects: 1.830700 ms  DeleteObjects: 0.020600 ms)

========================================================================
Received Prepare
Registering precompiled user dll's ...
Registered in 0.003018 seconds.
Begin MonoManager ReloadAssembly
Native extension for WindowsStandalone target not found
Refreshing native plugins compatible for Editor in 0.52 ms, found 0 plugins.
Preloading 0 native plugins for Editor in 0.00 ms.
Invoked RoslynAnalysisRunner static constructor.
RoslynAnalysisRunner will not be running.
RoslynAnalysisRunner has terminated.
Mono: successfully reloaded assembly
- Completed reload, in  2.490 seconds
Platform modules already initialized, skipping
Refreshing native plugins compatible for Editor in 0.43 ms, found 0 plugins.
Preloading 0 native plugins for Editor in 0.00 ms.
Unloading 1113 Unused Serialized files (Serialized files now loaded: 0)
System memory in use before: 60.1 MB.
System memory in use after: 60.2 MB.

Unloading 4 unused Assets to reduce memory usage. Loaded Objects now: 1589.
Total: 3.392100 ms (FindLiveObjects: 0.777100 ms CreateObjectMapping: 0.199700 ms MarkObjects: 2.396700 ms  DeleteObjects: 0.016900 ms)

========================================================================
Received Prepare
Registering precompiled user dll's ...
Registered in 0.002939 seconds.
Begin MonoManager ReloadAssembly
Native extension for WindowsStandalone target not found
Refreshing native plugins compatible for Editor in 0.41 ms, found 0 plugins.
Preloading 0 native plugins for Editor in 0.00 ms.
Invoked RoslynAnalysisRunner static constructor.
RoslynAnalysisRunner will not be running.
RoslynAnalysisRunner has terminated.
Mono: successfully reloaded assembly
- Completed reload, in  1.901 seconds
Platform modules already initialized, skipping
Refreshing native plugins compatible for Editor in 0.20 ms, found 0 plugins.
Preloading 0 native plugins for Editor in 0.00 ms.
Unloading 1113 Unused Serialized files (Serialized files now loaded: 0)
System memory in use before: 60.1 MB.
System memory in use after: 60.2 MB.

Unloading 4 unused Assets to reduce memory usage. Loaded Objects now: 1592.
Total: 2.725500 ms (FindLiveObjects: 0.249400 ms CreateObjectMapping: 0.103200 ms MarkObjects: 2.346700 ms  DeleteObjects: 0.024100 ms)

========================================================================
Received Import Request.
  Time since last request: 251.333032 seconds.
  path: Assets/Scripts/Score.cs
  artifactKey: Guid(f50c147d57f984d4c80b02e847073896) Importer(815301076,1909f56bfc062723c751e8b465ee728b)
Start importing Assets/Scripts/Score.cs using Guid(f50c147d57f984d4c80b02e847073896) Importer(815301076,1909f56bfc062723c751e8b465ee728b)  -> (artifact id: 'e89523a8e1fb78c471584de8f52eced2') in 0.005848 seconds
  Import took 0.008269 seconds .

========================================================================
Received Import Request.
  Time since last request: 43.425905 seconds.
  path: Assets/Scripts/BoxController.cs
  artifactKey: Guid(4b15a065f1a69a342b7781961ef1ee89) Importer(815301076,1909f56bfc062723c751e8b465ee728b)
Start importing Assets/Scripts/BoxController.cs using Guid(4b15a065f1a69a342b7781961ef1ee89) Importer(815301076,1909f56bfc062723c751e8b465ee728b)  -> (artifact id: '9b109d53d355000fef07701db8ef67fe') in 0.005461 seconds
  Import took 0.008877 seconds .

========================================================================
Received Prepare
Registering precompiled user dll's ...
Registered in 0.001609 seconds.
Begin MonoManager ReloadAssembly
Native extension for WindowsStandalone target not found
Refreshing native plugins compatible for Editor in 0.23 ms, found 0 plugins.
Preloading 0 native plugins for Editor in 0.00 ms.
Invoked RoslynAnalysisRunner static constructor.
RoslynAnalysisRunner will not be running.
RoslynAnalysisRunner has terminated.
Mono: successfully reloaded assembly
- Completed reload, in  1.350 seconds
Platform modules already initialized, skipping
Refreshing native plugins compatible for Editor in 0.20 ms, found 0 plugins.
Preloading 0 native plugins for Editor in 0.00 ms.
Unloading 1113 Unused Serialized files (Serialized files now loaded: 0)
System memory in use before: 60.1 MB.
System memory in use after: 60.2 MB.

Unloading 4 unused Assets to reduce memory usage. Loaded Objects now: 1595.
Total: 4.121900 ms (FindLiveObjects: 0.679800 ms CreateObjectMapping: 0.313500 ms MarkObjects: 3.099000 ms  DeleteObjects: 0.026400 ms)

========================================================================
Received Import Request.
  Time since last request: 215.217040 seconds.
  path: Assets/Scripts/Score.cs
  artifactKey: Guid(f50c147d57f984d4c80b02e847073896) Importer(815301076,1909f56bfc062723c751e8b465ee728b)
Start importing Assets/Scripts/Score.cs using Guid(f50c147d57f984d4c80b02e847073896) Importer(815301076,1909f56bfc062723c751e8b465ee728b)  -> (artifact id: 'c4275e226d44e41ebf731e0547bf02e9') in 0.005419 seconds
  Import took 0.008257 seconds .

========================================================================
Received Prepare
Registering precompiled user dll's ...
Registered in 0.001570 seconds.
Begin MonoManager ReloadAssembly
Native extension for WindowsStandalone target not found
Refreshing native plugins compatible for Editor in 0.22 ms, found 0 plugins.
Preloading 0 native plugins for Editor in 0.00 ms.
Invoked RoslynAnalysisRunner static constructor.
RoslynAnalysisRunner will not be running.
RoslynAnalysisRunner has terminated.
Mono: successfully reloaded assembly
- Completed reload, in  1.048 seconds
Platform modules already initialized, skipping
Refreshing native plugins compatible for Editor in 0.19 ms, found 0 plugins.
Preloading 0 native plugins for Editor in 0.00 ms.
Unloading 1113 Unused Serialized files (Serialized files now loaded: 0)
System memory in use before: 60.1 MB.
System memory in use after: 60.2 MB.

Unloading 4 unused Assets to reduce memory usage. Loaded Objects now: 1598.
Total: 1.914400 ms (FindLiveObjects: 0.194700 ms CreateObjectMapping: 0.060600 ms MarkObjects: 1.641300 ms  DeleteObjects: 0.016500 ms)

========================================================================
Received Import Request.
  Time since last request: 124.298026 seconds.
  path: ProjectSettings/TagManager.asset
  artifactKey: Guid(00000000000000003000000000000000) Importer(815301076,1909f56bfc062723c751e8b465ee728b)
Start importing ProjectSettings/TagManager.asset using Guid(00000000000000003000000000000000) Importer(815301076,1909f56bfc062723c751e8b465ee728b)  -> (artifact id: '837c7e046774477854535a87ba86bfce') in 0.023838 seconds
  Import took 0.027079 seconds .

========================================================================
Received Prepare
Registering precompiled user dll's ...
Registered in 0.001313 seconds.
Begin MonoManager ReloadAssembly
Native extension for WindowsStandalone target not found
Refreshing native plugins compatible for Editor in 0.21 ms, found 0 plugins.
Preloading 0 native plugins for Editor in 0.00 ms.
Invoked RoslynAnalysisRunner static constructor.
RoslynAnalysisRunner will not be running.
RoslynAnalysisRunner has terminated.
Mono: successfully reloaded assembly
- Completed reload, in  1.129 seconds
Platform modules already initialized, skipping
Refreshing native plugins compatible for Editor in 0.32 ms, found 0 plugins.
Preloading 0 native plugins for Editor in 0.00 ms.
Unloading 1113 Unused Serialized files (Serialized files now loaded: 0)
System memory in use before: 60.1 MB.
System memory in use after: 60.2 MB.

Unloading 5 unused Assets to reduce memory usage. Loaded Objects now: 1601.
Total: 2.134000 ms (FindLiveObjects: 0.212800 ms CreateObjectMapping: 0.068300 ms MarkObjects: 1.836600 ms  DeleteObjects: 0.015100 ms)

========================================================================
Received Prepare
Registering precompiled user dll's ...
Registered in 0.001746 seconds.
Begin MonoManager ReloadAssembly
Native extension for WindowsStandalone target not found
Refreshing native plugins compatible for Editor in 0.21 ms, found 0 plugins.
Preloading 0 native plugins for Editor in 0.00 ms.
Invoked RoslynAnalysisRunner static constructor.
RoslynAnalysisRunner will not be running.
RoslynAnalysisRunner has terminated.
Mono: successfully reloaded assembly
- Completed reload, in  1.062 seconds
Platform modules already initialized, skipping
Refreshing native plugins compatible for Editor in 0.21 ms, found 0 plugins.
Preloading 0 native plugins for Editor in 0.00 ms.
Unloading 1113 Unused Serialized files (Serialized files now loaded: 0)
System memory in use before: 60.1 MB.
System memory in use after: 60.2 MB.

Unloading 4 unused Assets to reduce memory usage. Loaded Objects now: 1604.
Total: 2.356300 ms (FindLiveObjects: 0.400200 ms CreateObjectMapping: 0.092100 ms MarkObjects: 1.845100 ms  DeleteObjects: 0.017500 ms)

========================================================================
Received Prepare
Registering precompiled user dll's ...
Registered in 0.001810 seconds.
Begin MonoManager ReloadAssembly
Native extension for WindowsStandalone target not found
Refreshing native plugins compatible for Editor in 0.40 ms, found 0 plugins.
Preloading 0 native plugins for Editor in 0.00 ms.
Invoked RoslynAnalysisRunner static constructor.
RoslynAnalysisRunner will not be running.
RoslynAnalysisRunner has terminated.
Mono: successfully reloaded assembly
- Completed reload, in  1.410 seconds
Platform modules already initialized, skipping
Refreshing native plugins compatible for Editor in 0.42 ms, found 0 plugins.
Preloading 0 native plugins for Editor in 0.00 ms.
Unloading 1113 Unused Serialized files (Serialized files now loaded: 0)
System memory in use before: 60.1 MB.
System memory in use after: 60.2 MB.

Unloading 4 unused Assets to reduce memory usage. Loaded Objects now: 1607.
Total: 2.893800 ms (FindLiveObjects: 0.218000 ms CreateObjectMapping: 0.071000 ms MarkObjects: 2.583200 ms  DeleteObjects: 0.020300 ms)

========================================================================
Received Prepare
Registering precompiled user dll's ...
Registered in 0.001851 seconds.
Begin MonoManager ReloadAssembly
Native extension for WindowsStandalone target not found
Refreshing native plugins compatible for Editor in 0.23 ms, found 0 plugins.
Preloading 0 native plugins for Editor in 0.00 ms.
Invoked RoslynAnalysisRunner static constructor.
RoslynAnalysisRunner will not be running.
RoslynAnalysisRunner has terminated.
Mono: successfully reloaded assembly
- Completed reload, in  1.181 seconds
Platform modules already initialized, skipping
Refreshing native plugins compatible for Editor in 0.21 ms, found 0 plugins.
Preloading 0 native plugins for Editor in 0.00 ms.
Unloading 1113 Unused Serialized files (Serialized files now loaded: 0)
System memory in use before: 60.1 MB.
System memory in use after: 60.2 MB.

Unloading 4 unused Assets to reduce memory usage. Loaded Objects now: 1610.
Total: 3.039400 ms (FindLiveObjects: 0.248100 ms CreateObjectMapping: 0.077900 ms MarkObjects: 2.688100 ms  DeleteObjects: 0.023100 ms)

AssetImportWorkerClient::OnTransportError - code=2 error=End of file
